<?xml version="1.0" encoding="UTF-8"?>
<!-- Generated by org.testng.reporters.JUnitXMLReporter -->
<testsuite hostname="ITPRO-WS02" ignored="3" name="SanityTest" tests="0" failures="0" timestamp="20 Apr 2022 12:55:46 GMT" time="3.724" errors="0">
  <testcase name="LogOut" time="0.0" classname="com.SuretyCloud.qa.testcases.LoginPage_Test">
    <ignored/>
  </testcase> <!-- LogOut -->
  <testcase name="loginPageTitleTest" time="0.0" classname="com.SuretyCloud.qa.testcases.LoginPage_Test">
    <ignored/>
  </testcase> <!-- loginPageTitleTest -->
  <testcase name="SCLogoTest" time="0.0" classname="com.SuretyCloud.qa.testcases.LoginPage_Test">
    <ignored/>
  </testcase> <!-- SCLogoTest -->
</testsuite> <!-- SanityTest -->
